<?xml version="1.0" encoding="UTF-8"?>
<!-- Generated by org.testng.reporters.JUnitReportReporter -->
<testsuite hostname="Tejas" failures="0" tests="1" name="driverMethods.CalculatorGeneric" time="112.405" errors="0" timestamp="2022-07-05T16:30:33 IST" skipped="0">
  <testcase classname="driverMethods.CalculatorGeneric" name="operations" time="112.405"/>
  <system-out/>
</testsuite> <!-- driverMethods.CalculatorGeneric -->
