<?xml version="1.0" encoding="UTF-8"?>
<!-- Generated by org.testng.reporters.JUnitReportReporter -->
<testsuite hostname="Tejas" failures="0" tests="1" name="driverMethods.Calculator" time="111.991" errors="0" timestamp="2022-07-05T16:15:10 IST" skipped="0">
  <testcase classname="driverMethods.Calculator" name="operations" time="111.991"/>
  <system-out/>
</testsuite> <!-- driverMethods.Calculator -->
