<?xml version="1.0" encoding="UTF-8"?>
<!-- Generated by org.testng.reporters.JUnitReportReporter -->
<testsuite hostname="Tejas" failures="0" tests="1" name="driverMethods.LaunchApp" time="19.222" errors="0" timestamp="2022-07-05T14:31:13 IST" skipped="0">
  <testcase classname="driverMethods.LaunchApp" name="launchAndClose" time="19.222"/>
  <system-out/>
</testsuite> <!-- driverMethods.LaunchApp -->
