<?xml version="1.0" encoding="UTF-8"?>
<!-- Generated by org.testng.reporters.JUnitReportReporter -->
<testsuite hostname="Tejas" failures="0" tests="1" name="driverMethods.ApiDemosScenario" time="67.900" errors="0" timestamp="2022-07-07T09:55:22 IST" skipped="0">
  <testcase classname="driverMethods.ApiDemosScenario" name="scenario" time="67.900"/>
  <system-out/>
</testsuite> <!-- driverMethods.ApiDemosScenario -->
