<?xml version="1.0" encoding="UTF-8"?>
<!-- Generated by org.testng.reporters.JUnitReportReporter -->
<testsuite hostname="Tejas" failures="0" tests="1" name="driverMethods.Calculator2" time="110.423" errors="0" timestamp="2022-07-05T16:22:21 IST" skipped="0">
  <testcase classname="driverMethods.Calculator2" name="operations" time="110.423"/>
  <system-out/>
</testsuite> <!-- driverMethods.Calculator2 -->
