<?xml version="1.0" encoding="UTF-8"?>
<!-- Generated by org.testng.reporters.JUnitReportReporter -->
<testsuite hostname="Tejas" failures="0" tests="1" name="driverMethods.UninstallApp" time="21.697" errors="0" timestamp="2022-07-05T15:01:07 IST" skipped="0">
  <testcase classname="driverMethods.UninstallApp" name="uninstallApp" time="21.697"/>
  <system-out/>
</testsuite> <!-- driverMethods.UninstallApp -->
